<?xml version="1.0" encoding="UTF-8"?>
<!-- Generated by org.testng.reporters.JUnitReportReporter -->
<testsuite hostname="LAPTOP-TA0PI2NF" failures="0" tests="1" name="testcase.LoginTest" time="4.458" errors="0" timestamp="2024-09-14T16:32:34 IST" skipped="0">
  <testcase classname="testcase.LoginTest" name="login" time="4.458"/>
</testsuite> <!-- testcase.LoginTest -->
