<?xml version="1.0" encoding="UTF-8"?>
<!-- Generated by org.testng.reporters.JUnitReportReporter -->
<testsuite hostname="LAPTOP-TA0PI2NF" failures="0" tests="11" name="testcase.Tests" time="13.576" errors="0" timestamp="2024-10-07T02:57:53 IST" skipped="0">
  <testcase classname="testcase.Tests" name="addTasks" time="2.164"/>
  <testcase classname="testcase.Tests" name="deleteTask" time="2.142"/>
  <testcase classname="testcase.Tests" name="addTaskWithSpace" time="0.050"/>
  <testcase classname="testcase.Tests" name="addTasks" time="2.171"/>
  <testcase classname="testcase.Tests" name="clearCompletedTask" time="0.179"/>
  <testcase classname="testcase.Tests" name="filterActiveTab" time="0.197"/>
  <testcase classname="testcase.Tests" name="filterCompletedTab" time="0.120"/>
  <testcase classname="testcase.Tests" name="addEmptyTask" time="0.015"/>
  <testcase classname="testcase.Tests" name="markAsCompleteTasks" time="2.077"/>
  <testcase classname="testcase.Tests" name="addTasks" time="2.202"/>
  <testcase classname="testcase.Tests" name="addTasks" time="2.259"/>
</testsuite> <!-- testcase.Tests -->
