<?xml version="1.0" encoding="UTF-8"?>
<!-- Generated by org.testng.reporters.JUnitReportReporter -->
<testsuite hostname="LAPTOP-TA0PI2NF" failures="0" tests="11" name="testcase.PositiveSecnarios" time="13.253" errors="0" timestamp="2024-10-07T02:44:58 IST" skipped="0">
  <testcase classname="testcase.PositiveSecnarios" name="addTaskWithSpace" time="0.035"/>
  <testcase classname="testcase.PositiveSecnarios" name="deleteTask" time="2.100"/>
  <testcase classname="testcase.PositiveSecnarios" name="addTasks" time="2.131"/>
  <testcase classname="testcase.PositiveSecnarios" name="clearCompletedTask" time="0.115"/>
  <testcase classname="testcase.PositiveSecnarios" name="markAsCompleteTasks" time="2.060"/>
  <testcase classname="testcase.PositiveSecnarios" name="addEmptyTask" time="0.023"/>
  <testcase classname="testcase.PositiveSecnarios" name="filterCompletedTab" time="0.097"/>
  <testcase classname="testcase.PositiveSecnarios" name="addTasks" time="2.215"/>
  <testcase classname="testcase.PositiveSecnarios" name="addTasks" time="2.151"/>
  <testcase classname="testcase.PositiveSecnarios" name="addTasks" time="2.164"/>
  <testcase classname="testcase.PositiveSecnarios" name="filterActiveTab" time="0.162"/>
</testsuite> <!-- testcase.PositiveSecnarios -->
