<?xml version="1.0" encoding="UTF-8"?>
<!-- Generated by org.testng.reporters.JUnitReportReporter -->
<testsuite hostname="LAPTOP-TA0PI2NF" failures="0" tests="5" name="testcase.AddTask" time="11.173" errors="0" timestamp="2024-10-06T13:52:28 IST" skipped="0">
  <testcase classname="testcase.AddTask" name="addTasks" time="2.151"/>
  <testcase classname="testcase.AddTask" name="addTasks" time="2.271"/>
  <testcase classname="testcase.AddTask" name="addTasks" time="2.182"/>
  <testcase classname="testcase.AddTask" name="addTasks" time="2.275"/>
  <testcase classname="testcase.AddTask" name="addTasks" time="2.294"/>
</testsuite> <!-- testcase.AddTask -->
